0 info it worked if it ends with ok
1 verbose cli [ 'node',
1 verbose cli   '/Users/Tony/.meteor/packages/meteor-tool/.1.3.2_4.lbyo5v++os.osx.x86_64+web.browser+web.cordova/mt-os.osx.x86_64/dev_bundle/bin/npm',
1 verbose cli   'install',
1 verbose cli   '--save',
1 verbose cli   'meteor-accounts' ]
2 info using npm@2.14.22
3 info using node@v0.10.43
4 verbose install initial load of /Users/Tony/workspace/airtrafficcontroller/package.json
5 verbose installManyTop reading scoped package data from /Users/Tony/workspace/airtrafficcontroller/node_modules/accord/package.json
6 verbose installManyTop reading scoped package data from /Users/Tony/workspace/airtrafficcontroller/node_modules/align-text/package.json
7 verbose installManyTop reading scoped package data from /Users/Tony/workspace/airtrafficcontroller/node_modules/alphanum-sort/package.json
8 verbose installManyTop reading scoped package data from /Users/Tony/workspace/airtrafficcontroller/node_modules/amdefine/package.json
9 verbose installManyTop reading scoped package data from /Users/Tony/workspace/airtrafficcontroller/node_modules/angular2-meteor/package.json
10 verbose installManyTop reading scoped package data from /Users/Tony/workspace/airtrafficcontroller/node_modules/angular2-meteor-accounts-ui/package.json
11 verbose installManyTop reading scoped package data from /Users/Tony/workspace/airtrafficcontroller/node_modules/angular2-meteor-auto-bootstrap/package.json
12 verbose installManyTop reading scoped package data from /Users/Tony/workspace/airtrafficcontroller/node_modules/angular2-pagination/package.json
13 verbose installManyTop reading scoped package data from /Users/Tony/workspace/airtrafficcontroller/node_modules/ansi-escapes/package.json
14 verbose installManyTop reading scoped package data from /Users/Tony/workspace/airtrafficcontroller/node_modules/ansi-regex/package.json
15 verbose installManyTop reading scoped package data from /Users/Tony/workspace/airtrafficcontroller/node_modules/ansi-styles/package.json
16 verbose installManyTop reading scoped package data from /Users/Tony/workspace/airtrafficcontroller/node_modules/argparse/package.json
17 verbose installManyTop reading scoped package data from /Users/Tony/workspace/airtrafficcontroller/node_modules/array-differ/package.json
18 verbose installManyTop reading scoped package data from /Users/Tony/workspace/airtrafficcontroller/node_modules/array-find-index/package.json
19 verbose installManyTop reading scoped package data from /Users/Tony/workspace/airtrafficcontroller/node_modules/array-uniq/package.json
20 verbose installManyTop reading scoped package data from /Users/Tony/workspace/airtrafficcontroller/node_modules/asap/package.json
21 verbose installManyTop reading scoped package data from /Users/Tony/workspace/airtrafficcontroller/node_modules/async/package.json
22 verbose installManyTop reading scoped package data from /Users/Tony/workspace/airtrafficcontroller/node_modules/autoprefixer/package.json
23 verbose installManyTop reading scoped package data from /Users/Tony/workspace/airtrafficcontroller/node_modules/balanced-match/package.json
24 verbose installManyTop reading scoped package data from /Users/Tony/workspace/airtrafficcontroller/node_modules/beeper/package.json
25 verbose installManyTop reading scoped package data from /Users/Tony/workspace/airtrafficcontroller/node_modules/big.js/package.json
26 verbose installManyTop reading scoped package data from /Users/Tony/workspace/airtrafficcontroller/node_modules/brace-expansion/package.json
27 verbose installManyTop reading scoped package data from /Users/Tony/workspace/airtrafficcontroller/node_modules/browserslist/package.json
28 verbose installManyTop reading scoped package data from /Users/Tony/workspace/airtrafficcontroller/node_modules/builtin-modules/package.json
29 verbose installManyTop reading scoped package data from /Users/Tony/workspace/airtrafficcontroller/node_modules/camelcase/package.json
30 verbose installManyTop reading scoped package data from /Users/Tony/workspace/airtrafficcontroller/node_modules/camelcase-keys/package.json
31 verbose installManyTop reading scoped package data from /Users/Tony/workspace/airtrafficcontroller/node_modules/caniuse-db/package.json
32 verbose installManyTop reading scoped package data from /Users/Tony/workspace/airtrafficcontroller/node_modules/center-align/package.json
33 verbose installManyTop reading scoped package data from /Users/Tony/workspace/airtrafficcontroller/node_modules/chalk/package.json
34 verbose installManyTop reading scoped package data from /Users/Tony/workspace/airtrafficcontroller/node_modules/clap/package.json
35 verbose installManyTop reading scoped package data from /Users/Tony/workspace/airtrafficcontroller/node_modules/cli-cursor/package.json
36 verbose installManyTop reading scoped package data from /Users/Tony/workspace/airtrafficcontroller/node_modules/cli-width/package.json
37 verbose installManyTop reading scoped package data from /Users/Tony/workspace/airtrafficcontroller/node_modules/cliui/package.json
38 verbose installManyTop reading scoped package data from /Users/Tony/workspace/airtrafficcontroller/node_modules/clone/package.json
39 verbose installManyTop reading scoped package data from /Users/Tony/workspace/airtrafficcontroller/node_modules/clone-stats/package.json
40 verbose installManyTop reading scoped package data from /Users/Tony/workspace/airtrafficcontroller/node_modules/coa/package.json
41 verbose installManyTop reading scoped package data from /Users/Tony/workspace/airtrafficcontroller/node_modules/code-point-at/package.json
42 verbose installManyTop reading scoped package data from /Users/Tony/workspace/airtrafficcontroller/node_modules/codelyzer/package.json
43 verbose installManyTop reading scoped package data from /Users/Tony/workspace/airtrafficcontroller/node_modules/color/package.json
44 verbose installManyTop reading scoped package data from /Users/Tony/workspace/airtrafficcontroller/node_modules/color-convert/package.json
45 verbose installManyTop reading scoped package data from /Users/Tony/workspace/airtrafficcontroller/node_modules/color-name/package.json
46 verbose installManyTop reading scoped package data from /Users/Tony/workspace/airtrafficcontroller/node_modules/color-string/package.json
47 verbose installManyTop reading scoped package data from /Users/Tony/workspace/airtrafficcontroller/node_modules/colormin/package.json
48 verbose installManyTop reading scoped package data from /Users/Tony/workspace/airtrafficcontroller/node_modules/colors/package.json
49 verbose installManyTop reading scoped package data from /Users/Tony/workspace/airtrafficcontroller/node_modules/concat-map/package.json
50 verbose installManyTop reading scoped package data from /Users/Tony/workspace/airtrafficcontroller/node_modules/convert-source-map/package.json
51 verbose installManyTop reading scoped package data from /Users/Tony/workspace/airtrafficcontroller/node_modules/core-util-is/package.json
52 verbose installManyTop reading scoped package data from /Users/Tony/workspace/airtrafficcontroller/node_modules/css-color-names/package.json
53 verbose installManyTop reading scoped package data from /Users/Tony/workspace/airtrafficcontroller/node_modules/css-loader/package.json
54 verbose installManyTop reading scoped package data from /Users/Tony/workspace/airtrafficcontroller/node_modules/css-selector-tokenizer/package.json
55 verbose installManyTop reading scoped package data from /Users/Tony/workspace/airtrafficcontroller/node_modules/cssesc/package.json
56 verbose installManyTop reading scoped package data from /Users/Tony/workspace/airtrafficcontroller/node_modules/cssnano/package.json
57 verbose installManyTop reading scoped package data from /Users/Tony/workspace/airtrafficcontroller/node_modules/csso/package.json
58 verbose installManyTop reading scoped package data from /Users/Tony/workspace/airtrafficcontroller/node_modules/dateformat/package.json
59 verbose installManyTop reading scoped package data from /Users/Tony/workspace/airtrafficcontroller/node_modules/decamelize/package.json
60 verbose installManyTop reading scoped package data from /Users/Tony/workspace/airtrafficcontroller/node_modules/defined/package.json
61 verbose installManyTop reading scoped package data from /Users/Tony/workspace/airtrafficcontroller/node_modules/diff/package.json
62 verbose installManyTop reading scoped package data from /Users/Tony/workspace/airtrafficcontroller/node_modules/duplexer/package.json
63 verbose installManyTop reading scoped package data from /Users/Tony/workspace/airtrafficcontroller/node_modules/duplexer2/package.json
64 verbose installManyTop reading scoped package data from /Users/Tony/workspace/airtrafficcontroller/node_modules/emojis-list/package.json
65 verbose installManyTop reading scoped package data from /Users/Tony/workspace/airtrafficcontroller/node_modules/errno/package.json
66 verbose installManyTop reading scoped package data from /Users/Tony/workspace/airtrafficcontroller/node_modules/error-ex/package.json
67 verbose installManyTop reading scoped package data from /Users/Tony/workspace/airtrafficcontroller/node_modules/es6-promise/package.json
68 verbose installManyTop reading scoped package data from /Users/Tony/workspace/airtrafficcontroller/node_modules/es6-shim/package.json
69 verbose installManyTop reading scoped package data from /Users/Tony/workspace/airtrafficcontroller/node_modules/escape-string-regexp/package.json
70 verbose installManyTop reading scoped package data from /Users/Tony/workspace/airtrafficcontroller/node_modules/esprima/package.json
71 verbose installManyTop reading scoped package data from /Users/Tony/workspace/airtrafficcontroller/node_modules/event-stream/package.json
72 verbose installManyTop reading scoped package data from /Users/Tony/workspace/airtrafficcontroller/node_modules/exit-hook/package.json
73 verbose installManyTop reading scoped package data from /Users/Tony/workspace/airtrafficcontroller/node_modules/exports-loader/package.json
74 verbose installManyTop reading scoped package data from /Users/Tony/workspace/airtrafficcontroller/node_modules/fancy-log/package.json
75 verbose installManyTop reading scoped package data from /Users/Tony/workspace/airtrafficcontroller/node_modules/fastparse/package.json
76 verbose installManyTop reading scoped package data from /Users/Tony/workspace/airtrafficcontroller/node_modules/figures/package.json
77 verbose installManyTop reading scoped package data from /Users/Tony/workspace/airtrafficcontroller/node_modules/file-loader/package.json
78 verbose installManyTop reading scoped package data from /Users/Tony/workspace/airtrafficcontroller/node_modules/find-up/package.json
79 verbose installManyTop reading scoped package data from /Users/Tony/workspace/airtrafficcontroller/node_modules/findup-sync/package.json
80 verbose installManyTop reading scoped package data from /Users/Tony/workspace/airtrafficcontroller/node_modules/flatten/package.json
81 verbose installManyTop reading scoped package data from /Users/Tony/workspace/airtrafficcontroller/node_modules/fobject/package.json
82 verbose installManyTop reading scoped package data from /Users/Tony/workspace/airtrafficcontroller/node_modules/from/package.json
83 verbose installManyTop reading scoped package data from /Users/Tony/workspace/airtrafficcontroller/node_modules/get-stdin/package.json
84 verbose installManyTop reading scoped package data from /Users/Tony/workspace/airtrafficcontroller/node_modules/glob/package.json
85 verbose installManyTop reading scoped package data from /Users/Tony/workspace/airtrafficcontroller/node_modules/glogg/package.json
86 verbose installManyTop reading scoped package data from /Users/Tony/workspace/airtrafficcontroller/node_modules/graceful-fs/package.json
87 verbose installManyTop reading scoped package data from /Users/Tony/workspace/airtrafficcontroller/node_modules/gulp-less/package.json
88 verbose installManyTop reading scoped package data from /Users/Tony/workspace/airtrafficcontroller/node_modules/gulp-tap/package.json
89 verbose installManyTop reading scoped package data from /Users/Tony/workspace/airtrafficcontroller/node_modules/gulp-util/package.json
90 verbose installManyTop reading scoped package data from /Users/Tony/workspace/airtrafficcontroller/node_modules/gulplog/package.json
91 verbose installManyTop reading scoped package data from /Users/Tony/workspace/airtrafficcontroller/node_modules/has-ansi/package.json
92 verbose installManyTop reading scoped package data from /Users/Tony/workspace/airtrafficcontroller/node_modules/has-flag/package.json
93 verbose installManyTop reading scoped package data from /Users/Tony/workspace/airtrafficcontroller/node_modules/has-gulplog/package.json
94 verbose installManyTop reading scoped package data from /Users/Tony/workspace/airtrafficcontroller/node_modules/has-own/package.json
95 verbose installManyTop reading scoped package data from /Users/Tony/workspace/airtrafficcontroller/node_modules/hosted-git-info/package.json
96 verbose installManyTop reading scoped package data from /Users/Tony/workspace/airtrafficcontroller/node_modules/html-comment-regex/package.json
97 verbose installManyTop reading scoped package data from /Users/Tony/workspace/airtrafficcontroller/node_modules/icss-replace-symbols/package.json
98 verbose installManyTop reading scoped package data from /Users/Tony/workspace/airtrafficcontroller/node_modules/image-size/package.json
99 verbose installManyTop reading scoped package data from /Users/Tony/workspace/airtrafficcontroller/node_modules/imports-loader/package.json
100 verbose installManyTop reading scoped package data from /Users/Tony/workspace/airtrafficcontroller/node_modules/indent-string/package.json
101 verbose installManyTop reading scoped package data from /Users/Tony/workspace/airtrafficcontroller/node_modules/indexes-of/package.json
102 verbose installManyTop reading scoped package data from /Users/Tony/workspace/airtrafficcontroller/node_modules/indx/package.json
103 verbose installManyTop reading scoped package data from /Users/Tony/workspace/airtrafficcontroller/node_modules/inflight/package.json
104 verbose installManyTop reading scoped package data from /Users/Tony/workspace/airtrafficcontroller/node_modules/inherits/package.json
105 verbose installManyTop reading scoped package data from /Users/Tony/workspace/airtrafficcontroller/node_modules/inquirer/package.json
106 verbose installManyTop reading scoped package data from /Users/Tony/workspace/airtrafficcontroller/node_modules/ionic-angular/package.json
107 verbose installManyTop reading scoped package data from /Users/Tony/workspace/airtrafficcontroller/node_modules/ionicons/package.json
108 verbose installManyTop reading scoped package data from /Users/Tony/workspace/airtrafficcontroller/node_modules/is-absolute-url/package.json
109 verbose installManyTop reading scoped package data from /Users/Tony/workspace/airtrafficcontroller/node_modules/is-arrayish/package.json
110 verbose installManyTop reading scoped package data from /Users/Tony/workspace/airtrafficcontroller/node_modules/is-buffer/package.json
111 verbose installManyTop reading scoped package data from /Users/Tony/workspace/airtrafficcontroller/node_modules/is-builtin-module/package.json
112 verbose installManyTop reading scoped package data from /Users/Tony/workspace/airtrafficcontroller/node_modules/is-finite/package.json
113 verbose installManyTop reading scoped package data from /Users/Tony/workspace/airtrafficcontroller/node_modules/is-fullwidth-code-point/package.json
114 verbose installManyTop reading scoped package data from /Users/Tony/workspace/airtrafficcontroller/node_modules/is-plain-obj/package.json
115 verbose installManyTop reading scoped package data from /Users/Tony/workspace/airtrafficcontroller/node_modules/is-svg/package.json
116 verbose installManyTop reading scoped package data from /Users/Tony/workspace/airtrafficcontroller/node_modules/is-utf8/package.json
117 verbose installManyTop reading scoped package data from /Users/Tony/workspace/airtrafficcontroller/node_modules/isarray/package.json
118 verbose installManyTop reading scoped package data from /Users/Tony/workspace/airtrafficcontroller/node_modules/js-base64/package.json
119 verbose installManyTop reading scoped package data from /Users/Tony/workspace/airtrafficcontroller/node_modules/js-yaml/package.json
120 verbose installManyTop reading scoped package data from /Users/Tony/workspace/airtrafficcontroller/node_modules/json5/package.json
121 verbose installManyTop reading scoped package data from /Users/Tony/workspace/airtrafficcontroller/node_modules/kind-of/package.json
122 verbose installManyTop reading scoped package data from /Users/Tony/workspace/airtrafficcontroller/node_modules/lazy-cache/package.json
123 verbose installManyTop reading scoped package data from /Users/Tony/workspace/airtrafficcontroller/node_modules/less/package.json
124 verbose installManyTop reading scoped package data from /Users/Tony/workspace/airtrafficcontroller/node_modules/load-json-file/package.json
125 verbose installManyTop reading scoped package data from /Users/Tony/workspace/airtrafficcontroller/node_modules/loader-utils/package.json
126 verbose installManyTop reading scoped package data from /Users/Tony/workspace/airtrafficcontroller/node_modules/lodash/package.json
127 verbose installManyTop reading scoped package data from /Users/Tony/workspace/airtrafficcontroller/node_modules/lodash._basecopy/package.json
128 verbose installManyTop reading scoped package data from /Users/Tony/workspace/airtrafficcontroller/node_modules/lodash._basetostring/package.json
129 verbose installManyTop reading scoped package data from /Users/Tony/workspace/airtrafficcontroller/node_modules/lodash._basevalues/package.json
130 verbose installManyTop reading scoped package data from /Users/Tony/workspace/airtrafficcontroller/node_modules/lodash._createcompounder/package.json
131 verbose installManyTop reading scoped package data from /Users/Tony/workspace/airtrafficcontroller/node_modules/lodash._getnative/package.json
132 verbose installManyTop reading scoped package data from /Users/Tony/workspace/airtrafficcontroller/node_modules/lodash._isiterateecall/package.json
133 verbose installManyTop reading scoped package data from /Users/Tony/workspace/airtrafficcontroller/node_modules/lodash._reescape/package.json
134 verbose installManyTop reading scoped package data from /Users/Tony/workspace/airtrafficcontroller/node_modules/lodash._reevaluate/package.json
135 verbose installManyTop reading scoped package data from /Users/Tony/workspace/airtrafficcontroller/node_modules/lodash._reinterpolate/package.json
136 verbose installManyTop reading scoped package data from /Users/Tony/workspace/airtrafficcontroller/node_modules/lodash._root/package.json
137 verbose installManyTop reading scoped package data from /Users/Tony/workspace/airtrafficcontroller/node_modules/lodash.camelcase/package.json
138 verbose installManyTop reading scoped package data from /Users/Tony/workspace/airtrafficcontroller/node_modules/lodash.deburr/package.json
139 verbose installManyTop reading scoped package data from /Users/Tony/workspace/airtrafficcontroller/node_modules/lodash.escape/package.json
140 verbose installManyTop reading scoped package data from /Users/Tony/workspace/airtrafficcontroller/node_modules/lodash.isarguments/package.json
141 verbose installManyTop reading scoped package data from /Users/Tony/workspace/airtrafficcontroller/node_modules/lodash.isarray/package.json
142 verbose installManyTop reading scoped package data from /Users/Tony/workspace/airtrafficcontroller/node_modules/lodash.keys/package.json
143 verbose installManyTop reading scoped package data from /Users/Tony/workspace/airtrafficcontroller/node_modules/lodash.restparam/package.json
144 verbose installManyTop reading scoped package data from /Users/Tony/workspace/airtrafficcontroller/node_modules/lodash.template/package.json
145 verbose installManyTop reading scoped package data from /Users/Tony/workspace/airtrafficcontroller/node_modules/lodash.templatesettings/package.json
146 verbose installManyTop reading scoped package data from /Users/Tony/workspace/airtrafficcontroller/node_modules/lodash.words/package.json
147 verbose installManyTop reading scoped package data from /Users/Tony/workspace/airtrafficcontroller/node_modules/longest/package.json
148 verbose installManyTop reading scoped package data from /Users/Tony/workspace/airtrafficcontroller/node_modules/loud-rejection/package.json
149 verbose installManyTop reading scoped package data from /Users/Tony/workspace/airtrafficcontroller/node_modules/map-obj/package.json
150 verbose installManyTop reading scoped package data from /Users/Tony/workspace/airtrafficcontroller/node_modules/map-stream/package.json
151 verbose installManyTop reading scoped package data from /Users/Tony/workspace/airtrafficcontroller/node_modules/meow/package.json
152 verbose installManyTop reading scoped package data from /Users/Tony/workspace/airtrafficcontroller/node_modules/meteor-node-stubs/package.json
153 verbose installManyTop reading scoped package data from /Users/Tony/workspace/airtrafficcontroller/node_modules/meteor-promise/package.json
154 verbose installManyTop reading scoped package data from /Users/Tony/workspace/airtrafficcontroller/node_modules/mime/package.json
155 verbose installManyTop reading scoped package data from /Users/Tony/workspace/airtrafficcontroller/node_modules/minimatch/package.json
156 verbose installManyTop reading scoped package data from /Users/Tony/workspace/airtrafficcontroller/node_modules/minimist/package.json
157 verbose installManyTop reading scoped package data from /Users/Tony/workspace/airtrafficcontroller/node_modules/mkdirp/package.json
158 verbose installManyTop reading scoped package data from /Users/Tony/workspace/airtrafficcontroller/node_modules/mkdirp-no-bin/package.json
159 verbose installManyTop reading scoped package data from /Users/Tony/workspace/airtrafficcontroller/node_modules/multipipe/package.json
160 verbose installManyTop reading scoped package data from /Users/Tony/workspace/airtrafficcontroller/node_modules/mute-stream/package.json
161 verbose installManyTop reading scoped package data from /Users/Tony/workspace/airtrafficcontroller/node_modules/normalize-package-data/package.json
162 verbose installManyTop reading scoped package data from /Users/Tony/workspace/airtrafficcontroller/node_modules/normalize-range/package.json
163 verbose installManyTop reading scoped package data from /Users/Tony/workspace/airtrafficcontroller/node_modules/normalize-url/package.json
164 verbose installManyTop reading scoped package data from /Users/Tony/workspace/airtrafficcontroller/node_modules/num2fraction/package.json
165 verbose installManyTop reading scoped package data from /Users/Tony/workspace/airtrafficcontroller/node_modules/number-is-nan/package.json
166 verbose installManyTop reading scoped package data from /Users/Tony/workspace/airtrafficcontroller/node_modules/object-assign/package.json
167 verbose installManyTop reading scoped package data from /Users/Tony/workspace/airtrafficcontroller/node_modules/once/package.json
168 verbose installManyTop reading scoped package data from /Users/Tony/workspace/airtrafficcontroller/node_modules/onetime/package.json
169 verbose installManyTop reading scoped package data from /Users/Tony/workspace/airtrafficcontroller/node_modules/optimist/package.json
170 verbose installManyTop reading scoped package data from /Users/Tony/workspace/airtrafficcontroller/node_modules/parse-json/package.json
171 verbose installManyTop reading scoped package data from /Users/Tony/workspace/airtrafficcontroller/node_modules/path-exists/package.json
172 verbose installManyTop reading scoped package data from /Users/Tony/workspace/airtrafficcontroller/node_modules/path-is-absolute/package.json
173 verbose installManyTop reading scoped package data from /Users/Tony/workspace/airtrafficcontroller/node_modules/path-type/package.json
174 verbose installManyTop reading scoped package data from /Users/Tony/workspace/airtrafficcontroller/node_modules/pause-stream/package.json
175 verbose installManyTop reading scoped package data from /Users/Tony/workspace/airtrafficcontroller/node_modules/pify/package.json
176 verbose installManyTop reading scoped package data from /Users/Tony/workspace/airtrafficcontroller/node_modules/pinkie/package.json
177 verbose installManyTop reading scoped package data from /Users/Tony/workspace/airtrafficcontroller/node_modules/pinkie-promise/package.json
178 verbose installManyTop reading scoped package data from /Users/Tony/workspace/airtrafficcontroller/node_modules/postcss/package.json
179 verbose installManyTop reading scoped package data from /Users/Tony/workspace/airtrafficcontroller/node_modules/postcss-calc/package.json
180 verbose installManyTop reading scoped package data from /Users/Tony/workspace/airtrafficcontroller/node_modules/postcss-colormin/package.json
181 verbose installManyTop reading scoped package data from /Users/Tony/workspace/airtrafficcontroller/node_modules/postcss-convert-values/package.json
182 verbose installManyTop reading scoped package data from /Users/Tony/workspace/airtrafficcontroller/node_modules/postcss-discard-comments/package.json
183 verbose installManyTop reading scoped package data from /Users/Tony/workspace/airtrafficcontroller/node_modules/postcss-discard-duplicates/package.json
184 verbose installManyTop reading scoped package data from /Users/Tony/workspace/airtrafficcontroller/node_modules/postcss-discard-empty/package.json
185 verbose installManyTop reading scoped package data from /Users/Tony/workspace/airtrafficcontroller/node_modules/postcss-discard-overridden/package.json
186 verbose installManyTop reading scoped package data from /Users/Tony/workspace/airtrafficcontroller/node_modules/postcss-discard-unused/package.json
187 verbose installManyTop reading scoped package data from /Users/Tony/workspace/airtrafficcontroller/node_modules/postcss-filter-plugins/package.json
188 verbose installManyTop reading scoped package data from /Users/Tony/workspace/airtrafficcontroller/node_modules/postcss-merge-idents/package.json
189 verbose installManyTop reading scoped package data from /Users/Tony/workspace/airtrafficcontroller/node_modules/postcss-merge-longhand/package.json
190 verbose installManyTop reading scoped package data from /Users/Tony/workspace/airtrafficcontroller/node_modules/postcss-merge-rules/package.json
191 verbose installManyTop reading scoped package data from /Users/Tony/workspace/airtrafficcontroller/node_modules/postcss-message-helpers/package.json
192 verbose installManyTop reading scoped package data from /Users/Tony/workspace/airtrafficcontroller/node_modules/postcss-minify-font-values/package.json
193 verbose installManyTop reading scoped package data from /Users/Tony/workspace/airtrafficcontroller/node_modules/postcss-minify-gradients/package.json
194 verbose installManyTop reading scoped package data from /Users/Tony/workspace/airtrafficcontroller/node_modules/postcss-minify-params/package.json
195 verbose installManyTop reading scoped package data from /Users/Tony/workspace/airtrafficcontroller/node_modules/postcss-minify-selectors/package.json
196 verbose installManyTop reading scoped package data from /Users/Tony/workspace/airtrafficcontroller/node_modules/postcss-modules-extract-imports/package.json
197 verbose installManyTop reading scoped package data from /Users/Tony/workspace/airtrafficcontroller/node_modules/postcss-modules-local-by-default/package.json
198 verbose installManyTop reading scoped package data from /Users/Tony/workspace/airtrafficcontroller/node_modules/postcss-modules-scope/package.json
199 verbose installManyTop reading scoped package data from /Users/Tony/workspace/airtrafficcontroller/node_modules/postcss-modules-values/package.json
200 verbose installManyTop reading scoped package data from /Users/Tony/workspace/airtrafficcontroller/node_modules/postcss-normalize-charset/package.json
201 verbose installManyTop reading scoped package data from /Users/Tony/workspace/airtrafficcontroller/node_modules/postcss-normalize-url/package.json
202 verbose installManyTop reading scoped package data from /Users/Tony/workspace/airtrafficcontroller/node_modules/postcss-ordered-values/package.json
203 verbose installManyTop reading scoped package data from /Users/Tony/workspace/airtrafficcontroller/node_modules/postcss-reduce-idents/package.json
204 verbose installManyTop reading scoped package data from /Users/Tony/workspace/airtrafficcontroller/node_modules/postcss-reduce-transforms/package.json
205 verbose installManyTop reading scoped package data from /Users/Tony/workspace/airtrafficcontroller/node_modules/postcss-selector-parser/package.json
206 verbose installManyTop reading scoped package data from /Users/Tony/workspace/airtrafficcontroller/node_modules/postcss-svgo/package.json
207 verbose installManyTop reading scoped package data from /Users/Tony/workspace/airtrafficcontroller/node_modules/postcss-unique-selectors/package.json
208 verbose installManyTop reading scoped package data from /Users/Tony/workspace/airtrafficcontroller/node_modules/postcss-value-parser/package.json
209 verbose installManyTop reading scoped package data from /Users/Tony/workspace/airtrafficcontroller/node_modules/postcss-zindex/package.json
210 verbose installManyTop reading scoped package data from /Users/Tony/workspace/airtrafficcontroller/node_modules/prepend-http/package.json
211 verbose installManyTop reading scoped package data from /Users/Tony/workspace/airtrafficcontroller/node_modules/process-nextick-args/package.json
212 verbose installManyTop reading scoped package data from /Users/Tony/workspace/airtrafficcontroller/node_modules/promise/package.json
213 verbose installManyTop reading scoped package data from /Users/Tony/workspace/airtrafficcontroller/node_modules/prr/package.json
214 verbose installManyTop reading scoped package data from /Users/Tony/workspace/airtrafficcontroller/node_modules/q/package.json
215 verbose installManyTop reading scoped package data from /Users/Tony/workspace/airtrafficcontroller/node_modules/query-string/package.json
216 verbose installManyTop reading scoped package data from /Users/Tony/workspace/airtrafficcontroller/node_modules/read-pkg/package.json
217 verbose installManyTop reading scoped package data from /Users/Tony/workspace/airtrafficcontroller/node_modules/read-pkg-up/package.json
218 verbose installManyTop reading scoped package data from /Users/Tony/workspace/airtrafficcontroller/node_modules/readable-stream/package.json
219 verbose installManyTop reading scoped package data from /Users/Tony/workspace/airtrafficcontroller/node_modules/readline2/package.json
220 verbose installManyTop reading scoped package data from /Users/Tony/workspace/airtrafficcontroller/node_modules/redent/package.json
221 verbose installManyTop reading scoped package data from /Users/Tony/workspace/airtrafficcontroller/node_modules/reduce-css-calc/package.json
222 verbose installManyTop reading scoped package data from /Users/Tony/workspace/airtrafficcontroller/node_modules/reduce-function-call/package.json
223 verbose installManyTop reading scoped package data from /Users/Tony/workspace/airtrafficcontroller/node_modules/reflect-metadata/package.json
224 verbose installManyTop reading scoped package data from /Users/Tony/workspace/airtrafficcontroller/node_modules/repeat-string/package.json
225 verbose installManyTop reading scoped package data from /Users/Tony/workspace/airtrafficcontroller/node_modules/repeating/package.json
226 verbose installManyTop reading scoped package data from /Users/Tony/workspace/airtrafficcontroller/node_modules/replace-ext/package.json
227 verbose installManyTop reading scoped package data from /Users/Tony/workspace/airtrafficcontroller/node_modules/resolve/package.json
228 verbose installManyTop reading scoped package data from /Users/Tony/workspace/airtrafficcontroller/node_modules/restore-cursor/package.json
229 verbose installManyTop reading scoped package data from /Users/Tony/workspace/airtrafficcontroller/node_modules/right-align/package.json
230 verbose installManyTop reading scoped package data from /Users/Tony/workspace/airtrafficcontroller/node_modules/run-async/package.json
231 verbose installManyTop reading scoped package data from /Users/Tony/workspace/airtrafficcontroller/node_modules/rx-lite/package.json
232 verbose installManyTop reading scoped package data from /Users/Tony/workspace/airtrafficcontroller/node_modules/rxjs/package.json
233 verbose installManyTop reading scoped package data from /Users/Tony/workspace/airtrafficcontroller/node_modules/sax/package.json
234 verbose installManyTop reading scoped package data from /Users/Tony/workspace/airtrafficcontroller/node_modules/semver/package.json
235 verbose installManyTop reading scoped package data from /Users/Tony/workspace/airtrafficcontroller/node_modules/signal-exit/package.json
236 verbose installManyTop reading scoped package data from /Users/Tony/workspace/airtrafficcontroller/node_modules/sort-keys/package.json
237 verbose installManyTop reading scoped package data from /Users/Tony/workspace/airtrafficcontroller/node_modules/source-list-map/package.json
238 verbose installManyTop reading scoped package data from /Users/Tony/workspace/airtrafficcontroller/node_modules/source-map/package.json
239 verbose installManyTop reading scoped package data from /Users/Tony/workspace/airtrafficcontroller/node_modules/sparkles/package.json
240 verbose installManyTop reading scoped package data from /Users/Tony/workspace/airtrafficcontroller/node_modules/spdx-correct/package.json
241 verbose installManyTop reading scoped package data from /Users/Tony/workspace/airtrafficcontroller/node_modules/spdx-exceptions/package.json
242 verbose installManyTop reading scoped package data from /Users/Tony/workspace/airtrafficcontroller/node_modules/spdx-expression-parse/package.json
243 verbose installManyTop reading scoped package data from /Users/Tony/workspace/airtrafficcontroller/node_modules/spdx-license-ids/package.json
244 verbose installManyTop reading scoped package data from /Users/Tony/workspace/airtrafficcontroller/node_modules/split/package.json
245 verbose installManyTop reading scoped package data from /Users/Tony/workspace/airtrafficcontroller/node_modules/sprintf-js/package.json
246 verbose installManyTop reading scoped package data from /Users/Tony/workspace/airtrafficcontroller/node_modules/stream-combiner/package.json
247 verbose installManyTop reading scoped package data from /Users/Tony/workspace/airtrafficcontroller/node_modules/strict-uri-encode/package.json
248 verbose installManyTop reading scoped package data from /Users/Tony/workspace/airtrafficcontroller/node_modules/string_decoder/package.json
249 verbose installManyTop reading scoped package data from /Users/Tony/workspace/airtrafficcontroller/node_modules/strip-ansi/package.json
250 verbose installManyTop reading scoped package data from /Users/Tony/workspace/airtrafficcontroller/node_modules/strip-bom/package.json
251 verbose installManyTop reading scoped package data from /Users/Tony/workspace/airtrafficcontroller/node_modules/strip-indent/package.json
252 verbose installManyTop reading scoped package data from /Users/Tony/workspace/airtrafficcontroller/node_modules/style-loader/package.json
253 verbose installManyTop reading scoped package data from /Users/Tony/workspace/airtrafficcontroller/node_modules/supports-color/package.json
254 verbose installManyTop reading scoped package data from /Users/Tony/workspace/airtrafficcontroller/node_modules/svgo/package.json
255 verbose installManyTop reading scoped package data from /Users/Tony/workspace/airtrafficcontroller/node_modules/symbol-observable/package.json
256 verbose installManyTop reading scoped package data from /Users/Tony/workspace/airtrafficcontroller/node_modules/through/package.json
257 verbose installManyTop reading scoped package data from /Users/Tony/workspace/airtrafficcontroller/node_modules/through2/package.json
258 verbose installManyTop reading scoped package data from /Users/Tony/workspace/airtrafficcontroller/node_modules/time-stamp/package.json
259 verbose installManyTop reading scoped package data from /Users/Tony/workspace/airtrafficcontroller/node_modules/trim-newlines/package.json
260 verbose installManyTop reading scoped package data from /Users/Tony/workspace/airtrafficcontroller/node_modules/tslint/package.json
261 verbose installManyTop reading scoped package data from /Users/Tony/workspace/airtrafficcontroller/node_modules/typescript/package.json
262 verbose installManyTop reading scoped package data from /Users/Tony/workspace/airtrafficcontroller/node_modules/uglify-js/package.json
263 verbose installManyTop reading scoped package data from /Users/Tony/workspace/airtrafficcontroller/node_modules/uglify-to-browserify/package.json
264 verbose installManyTop reading scoped package data from /Users/Tony/workspace/airtrafficcontroller/node_modules/underscore.string/package.json
265 verbose installManyTop reading scoped package data from /Users/Tony/workspace/airtrafficcontroller/node_modules/uniq/package.json
266 verbose installManyTop reading scoped package data from /Users/Tony/workspace/airtrafficcontroller/node_modules/uniqid/package.json
267 verbose installManyTop reading scoped package data from /Users/Tony/workspace/airtrafficcontroller/node_modules/uniqs/package.json
268 verbose installManyTop reading scoped package data from /Users/Tony/workspace/airtrafficcontroller/node_modules/url-loader/package.json
269 verbose installManyTop reading scoped package data from /Users/Tony/workspace/airtrafficcontroller/node_modules/util-deprecate/package.json
270 verbose installManyTop reading scoped package data from /Users/Tony/workspace/airtrafficcontroller/node_modules/validate-npm-package-license/package.json
271 verbose installManyTop reading scoped package data from /Users/Tony/workspace/airtrafficcontroller/node_modules/vinyl/package.json
272 verbose installManyTop reading scoped package data from /Users/Tony/workspace/airtrafficcontroller/node_modules/vinyl-sourcemaps-apply/package.json
273 verbose installManyTop reading scoped package data from /Users/Tony/workspace/airtrafficcontroller/node_modules/web-animations-js/package.json
274 verbose installManyTop reading scoped package data from /Users/Tony/workspace/airtrafficcontroller/node_modules/when/package.json
275 verbose installManyTop reading scoped package data from /Users/Tony/workspace/airtrafficcontroller/node_modules/whet.extend/package.json
276 verbose installManyTop reading scoped package data from /Users/Tony/workspace/airtrafficcontroller/node_modules/window-size/package.json
277 verbose installManyTop reading scoped package data from /Users/Tony/workspace/airtrafficcontroller/node_modules/wordwrap/package.json
278 verbose installManyTop reading scoped package data from /Users/Tony/workspace/airtrafficcontroller/node_modules/wrappy/package.json
279 verbose installManyTop reading scoped package data from /Users/Tony/workspace/airtrafficcontroller/node_modules/xtend/package.json
280 verbose installManyTop reading scoped package data from /Users/Tony/workspace/airtrafficcontroller/node_modules/yargs/package.json
281 verbose installManyTop reading scoped package data from /Users/Tony/workspace/airtrafficcontroller/node_modules/zone.js/package.json
282 verbose installManyTop reading scoped package data from /Users/Tony/workspace/airtrafficcontroller/node_modules/@angular/.meteor-portable/package.json
283 verbose installManyTop reading scoped package data from /Users/Tony/workspace/airtrafficcontroller/node_modules/@angular/common/package.json
284 verbose installManyTop reading scoped package data from /Users/Tony/workspace/airtrafficcontroller/node_modules/@angular/compiler/package.json
285 verbose installManyTop reading scoped package data from /Users/Tony/workspace/airtrafficcontroller/node_modules/@angular/core/package.json
286 verbose installManyTop reading scoped package data from /Users/Tony/workspace/airtrafficcontroller/node_modules/@angular/http/package.json
287 verbose installManyTop reading scoped package data from /Users/Tony/workspace/airtrafficcontroller/node_modules/@angular/platform-browser/package.json
288 verbose installManyTop reading scoped package data from /Users/Tony/workspace/airtrafficcontroller/node_modules/@angular/platform-browser-dynamic/package.json
289 verbose installManyTop reading scoped package data from /Users/Tony/workspace/airtrafficcontroller/node_modules/@angular/router/package.json
290 verbose installManyTop reading scoped package data from /Users/Tony/workspace/airtrafficcontroller/node_modules/@angular/router-deprecated/package.json
291 verbose installManyTop reading scoped package data from /Users/Tony/workspace/airtrafficcontroller/node_modules/@angular/upgrade/package.json
292 info package.json angular2-meteor-auto-bootstrap@0.5.5 No repository field.
293 info package.json string_decoder@0.10.31 string_decoder is also the name of a node core module.
294 info package.json @angular/common@2.0.0-rc.1 No description
295 info package.json @angular/common@2.0.0-rc.1 No repository field.
296 info package.json @angular/compiler@2.0.0-rc.1 No description
297 info package.json @angular/compiler@2.0.0-rc.1 No repository field.
298 info package.json @angular/core@2.0.0-rc.1 No description
299 info package.json @angular/core@2.0.0-rc.1 No repository field.
300 info package.json @angular/http@2.0.0-rc.1 No description
301 info package.json @angular/http@2.0.0-rc.1 No repository field.
302 info package.json @angular/platform-browser@2.0.0-rc.1 No description
303 info package.json @angular/platform-browser@2.0.0-rc.1 No repository field.
304 info package.json @angular/platform-browser-dynamic@2.0.0-rc.1 No description
305 info package.json @angular/platform-browser-dynamic@2.0.0-rc.1 No repository field.
306 info package.json @angular/router@2.0.0-rc.1 No description
307 info package.json @angular/router@2.0.0-rc.1 No repository field.
308 info package.json @angular/upgrade@2.0.0-rc.1 No description
309 info package.json @angular/upgrade@2.0.0-rc.1 No repository field.
310 info package.json @angular/router-deprecated@2.0.0-rc.1 No description
311 info package.json @angular/router-deprecated@2.0.0-rc.1 No repository field.
312 verbose readDependencies loading dependencies from /Users/Tony/workspace/airtrafficcontroller/package.json
313 silly cache add args [ 'meteor-accounts', null ]
314 verbose cache add spec meteor-accounts
315 silly cache add parsed spec { raw: 'meteor-accounts',
315 silly cache add   scope: null,
315 silly cache add   name: 'meteor-accounts',
315 silly cache add   rawSpec: '',
315 silly cache add   spec: 'latest',
315 silly cache add   type: 'tag' }
316 silly addNamed meteor-accounts@latest
317 verbose addNamed "latest" is being treated as a dist-tag for meteor-accounts
318 info addNameTag [ 'meteor-accounts', 'latest' ]
319 silly mapToRegistry name meteor-accounts
320 silly mapToRegistry using default registry
321 silly mapToRegistry registry https://registry.npmjs.org/
322 silly mapToRegistry uri https://registry.npmjs.org/meteor-accounts
323 verbose addNameTag registry:https://registry.npmjs.org/meteor-accounts not in flight; fetching
324 verbose request uri https://registry.npmjs.org/meteor-accounts
325 verbose request no auth needed
326 info attempt registry request try #1 at 17:55:58
327 verbose request id 093e332620581a26
328 http request GET https://registry.npmjs.org/meteor-accounts
329 http 404 https://registry.npmjs.org/meteor-accounts
330 verbose headers { 'content-type': 'application/json',
330 verbose headers   'cache-control': 'max-age=0',
330 verbose headers   'content-length': '2',
330 verbose headers   'accept-ranges': 'bytes',
330 verbose headers   date: 'Sat, 21 May 2016 23:55:59 GMT',
330 verbose headers   via: '1.1 varnish',
330 verbose headers   connection: 'keep-alive',
330 verbose headers   'x-served-by': 'cache-ord1720-ORD',
330 verbose headers   'x-cache': 'MISS',
330 verbose headers   'x-cache-hits': '0',
330 verbose headers   'x-timer': 'S1463874959.190815,VS0,VE128',
330 verbose headers   vary: 'Accept-Encoding' }
331 silly get cb [ 404,
331 silly get   { 'content-type': 'application/json',
331 silly get     'cache-control': 'max-age=0',
331 silly get     'content-length': '2',
331 silly get     'accept-ranges': 'bytes',
331 silly get     date: 'Sat, 21 May 2016 23:55:59 GMT',
331 silly get     via: '1.1 varnish',
331 silly get     connection: 'keep-alive',
331 silly get     'x-served-by': 'cache-ord1720-ORD',
331 silly get     'x-cache': 'MISS',
331 silly get     'x-cache-hits': '0',
331 silly get     'x-timer': 'S1463874959.190815,VS0,VE128',
331 silly get     vary: 'Accept-Encoding' } ]
332 verbose stack Error: Registry returned 404 for GET on https://registry.npmjs.org/meteor-accounts
332 verbose stack     at makeError (/Users/Tony/.meteor/packages/meteor-tool/.1.3.2_4.lbyo5v++os.osx.x86_64+web.browser+web.cordova/mt-os.osx.x86_64/dev_bundle/lib/node_modules/npm/node_modules/npm-registry-client/lib/request.js:264:12)
332 verbose stack     at CachingRegistryClient.<anonymous> (/Users/Tony/.meteor/packages/meteor-tool/.1.3.2_4.lbyo5v++os.osx.x86_64+web.browser+web.cordova/mt-os.osx.x86_64/dev_bundle/lib/node_modules/npm/node_modules/npm-registry-client/lib/request.js:242:14)
332 verbose stack     at Request._callback (/Users/Tony/.meteor/packages/meteor-tool/.1.3.2_4.lbyo5v++os.osx.x86_64+web.browser+web.cordova/mt-os.osx.x86_64/dev_bundle/lib/node_modules/npm/node_modules/npm-registry-client/lib/request.js:172:14)
332 verbose stack     at Request.self.callback (/Users/Tony/.meteor/packages/meteor-tool/.1.3.2_4.lbyo5v++os.osx.x86_64+web.browser+web.cordova/mt-os.osx.x86_64/dev_bundle/lib/node_modules/npm/node_modules/request/request.js:199:22)
332 verbose stack     at Request.emit (events.js:98:17)
332 verbose stack     at Request.<anonymous> (/Users/Tony/.meteor/packages/meteor-tool/.1.3.2_4.lbyo5v++os.osx.x86_64+web.browser+web.cordova/mt-os.osx.x86_64/dev_bundle/lib/node_modules/npm/node_modules/request/request.js:1036:10)
332 verbose stack     at Request.emit (events.js:117:20)
332 verbose stack     at IncomingMessage.<anonymous> (/Users/Tony/.meteor/packages/meteor-tool/.1.3.2_4.lbyo5v++os.osx.x86_64+web.browser+web.cordova/mt-os.osx.x86_64/dev_bundle/lib/node_modules/npm/node_modules/request/request.js:963:12)
332 verbose stack     at IncomingMessage.emit (events.js:117:20)
332 verbose stack     at _stream_readable.js:944:16
333 verbose statusCode 404
334 verbose pkgid meteor-accounts
335 verbose cwd /Users/Tony/workspace/airtrafficcontroller
336 error Darwin 15.4.0
337 error argv "node" "/Users/Tony/.meteor/packages/meteor-tool/.1.3.2_4.lbyo5v++os.osx.x86_64+web.browser+web.cordova/mt-os.osx.x86_64/dev_bundle/bin/npm" "install" "--save" "meteor-accounts"
338 error node v0.10.43
339 error npm  v2.14.22
340 error code E404
341 error 404 Registry returned 404 for GET on https://registry.npmjs.org/meteor-accounts
341 error 404
341 error 404 'meteor-accounts' is not in the npm registry.
341 error 404 You should bug the author to publish it (or use the name yourself!)
341 error 404 It was specified as a dependency of 'ionic-mobile'
341 error 404
341 error 404 Note that you can also install from a
341 error 404 tarball, folder, http url, or git url.
342 verbose exit [ 1, true ]
